This file contains any messages produced by compilers while
running configure, to aid debugging if configure makes a mistake.

It was created by Jerasure configure 2.0, which was
generated by GNU Autoconf 2.69.  Invocation command line was

  $ ./configure 

## --------- ##
## Platform. ##
## --------- ##

hostname = wj-Latitude-E5420
uname -m = x86_64
uname -r = 3.13.0-29-generic
uname -s = Linux
uname -v = #53-Ubuntu SMP Wed Jun 4 21:00:20 UTC 2014

/usr/bin/uname -p = unknown
/bin/uname -X     = unknown

/bin/arch              = unknown
/usr/bin/arch -k       = unknown
/usr/convex/getsysinfo = unknown
/usr/bin/hostinfo      = unknown
/bin/machine           = unknown
/usr/bin/oslevel       = unknown
/bin/universe          = unknown

PATH: /usr/local/sbin
PATH: /usr/local/bin
PATH: /usr/sbin
PATH: /usr/bin
PATH: /sbin
PATH: /bin
PATH: /usr/games
PATH: /usr/local/games


## ----------- ##
## Core tests. ##
## ----------- ##

configure:2246: checking for a BSD-compatible install
configure:2314: result: /usr/bin/install -c
configure:2325: checking whether build environment is sane
configure:2380: result: yes
configure:2531: checking for a thread-safe mkdir -p
configure:2570: result: /bin/mkdir -p
configure:2577: checking for gawk
configure:2593: found /usr/bin/gawk
configure:2604: result: gawk
configure:2615: checking whether make sets $(MAKE)
configure:2637: result: yes
configure:2666: checking whether make supports nested variables
configure:2683: result: yes
configure:2838: checking build system type
configure:2852: result: x86_64-unknown-linux-gnu
configure:2872: checking host system type
configure:2885: result: x86_64-unknown-linux-gnu
configure:2926: checking how to print strings
configure:2953: result: printf
configure:2986: checking for style of include used by make
configure:3014: result: GNU
configure:3085: checking for gcc
configure:3101: found /usr/bin/gcc
configure:3112: result: gcc
configure:3341: checking for C compiler version
configure:3350: gcc --version >&5
gcc (Ubuntu 4.8.2-19ubuntu1) 4.8.2
Copyright (C) 2013 Free Software Foundation, Inc.
This is free software; see the source for copying conditions.  There is NO
warranty; not even for MERCHANTABILITY or FITNESS FOR A PARTICULAR PURPOSE.

configure:3361: $? = 0
configure:3350: gcc -v >&5
Using built-in specs.
COLLECT_GCC=gcc
COLLECT_LTO_WRAPPER=/usr/lib/gcc/x86_64-linux-gnu/4.8/lto-wrapper
Target: x86_64-linux-gnu
Configured with: ../src/configure -v --with-pkgversion='Ubuntu 4.8.2-19ubuntu1' --with-bugurl=file:///usr/share/doc/gcc-4.8/README.Bugs --enable-languages=c,c++,java,go,d,fortran,objc,obj-c++ --prefix=/usr --program-suffix=-4.8 --enable-shared --enable-linker-build-id --libexecdir=/usr/lib --without-included-gettext --enable-threads=posix --with-gxx-include-dir=/usr/include/c++/4.8 --libdir=/usr/lib --enable-nls --with-sysroot=/ --enable-clocale=gnu --enable-libstdcxx-debug --enable-libstdcxx-time=yes --enable-gnu-unique-object --disable-libmudflap --enable-plugin --with-system-zlib --disable-browser-plugin --enable-java-awt=gtk --enable-gtk-cairo --with-java-home=/usr/lib/jvm/java-1.5.0-gcj-4.8-amd64/jre --enable-java-home --with-jvm-root-dir=/usr/lib/jvm/java-1.5.0-gcj-4.8-amd64 --with-jvm-jar-dir=/usr/lib/jvm-exports/java-1.5.0-gcj-4.8-amd64 --with-arch-directory=amd64 --with-ecj-jar=/usr/share/java/eclipse-ecj.jar --enable-objc-gc --enable-multiarch --disable-werror --with-arch-32=i686 --with-abi=m64 --with-multilib-list=m32,m64,mx32 --with-tune=generic --enable-checking=release --build=x86_64-linux-gnu --host=x86_64-linux-gnu --target=x86_64-linux-gnu
Thread model: posix
gcc version 4.8.2 (Ubuntu 4.8.2-19ubuntu1) 
configure:3361: $? = 0
configure:3350: gcc -V >&5
gcc: error: unrecognized command line option '-V'
gcc: fatal error: no input files
compilation terminated.
configure:3361: $? = 4
configure:3350: gcc -qversion >&5
gcc: error: unrecognized command line option '-qversion'
gcc: fatal error: no input files
compilation terminated.
configure:3361: $? = 4
configure:3381: checking whether the C compiler works
configure:3403: gcc    conftest.c  >&5
configure:3407: $? = 0
configure:3455: result: yes
configure:3458: checking for C compiler default output file name
configure:3460: result: a.out
configure:3466: checking for suffix of executables
configure:3473: gcc -o conftest    conftest.c  >&5
configure:3477: $? = 0
configure:3499: result: 
configure:3521: checking whether we are cross compiling
configure:3529: gcc -o conftest    conftest.c  >&5
configure:3533: $? = 0
configure:3540: ./conftest
configure:3544: $? = 0
configure:3559: result: no
configure:3564: checking for suffix of object files
configure:3586: gcc -c   conftest.c >&5
configure:3590: $? = 0
configure:3611: result: o
configure:3615: checking whether we are using the GNU C compiler
configure:3634: gcc -c   conftest.c >&5
configure:3634: $? = 0
configure:3643: result: yes
configure:3652: checking whether gcc accepts -g
configure:3672: gcc -c -g  conftest.c >&5
configure:3672: $? = 0
configure:3713: result: yes
configure:3730: checking for gcc option to accept ISO C89
configure:3793: gcc  -c -g -O2  conftest.c >&5
configure:3793: $? = 0
configure:3806: result: none needed
configure:3831: checking whether gcc understands -c and -o together
configure:3853: gcc -c conftest.c -o conftest2.o
configure:3856: $? = 0
configure:3853: gcc -c conftest.c -o conftest2.o
configure:3856: $? = 0
configure:3868: result: yes
configure:3887: checking dependency style of gcc
configure:3998: result: gcc3
configure:4013: checking for a sed that does not truncate output
configure:4077: result: /bin/sed
configure:4095: checking for grep that handles long lines and -e
configure:4153: result: /bin/grep
configure:4158: checking for egrep
configure:4220: result: /bin/grep -E
configure:4225: checking for fgrep
configure:4287: result: /bin/grep -F
configure:4322: checking for ld used by gcc
configure:4389: result: /usr/bin/ld
configure:4396: checking if the linker (/usr/bin/ld) is GNU ld
configure:4411: result: yes
configure:4423: checking for BSD- or MS-compatible name lister (nm)
configure:4472: result: /usr/bin/nm -B
configure:4602: checking the name lister (/usr/bin/nm -B) interface
configure:4609: gcc -c -g -O2  conftest.c >&5
configure:4612: /usr/bin/nm -B "conftest.o"
configure:4615: output
0000000000000000 B some_variable
configure:4622: result: BSD nm
configure:4625: checking whether ln -s works
configure:4629: result: yes
configure:4637: checking the maximum length of command line arguments
configure:4768: result: 1572864
configure:4785: checking whether the shell understands some XSI constructs
configure:4795: result: yes
configure:4799: checking whether the shell understands "+="
configure:4805: result: yes
configure:4840: checking how to convert x86_64-unknown-linux-gnu file names to x86_64-unknown-linux-gnu format
configure:4880: result: func_convert_file_noop
configure:4887: checking how to convert x86_64-unknown-linux-gnu file names to toolchain format
configure:4907: result: func_convert_file_noop
configure:4914: checking for /usr/bin/ld option to reload object files
configure:4921: result: -r
configure:4995: checking for objdump
configure:5011: found /usr/bin/objdump
configure:5022: result: objdump
configure:5054: checking how to recognize dependent libraries
configure:5252: result: pass_all
configure:5337: checking for dlltool
configure:5367: result: no
configure:5397: checking how to associate runtime and link libraries
configure:5424: result: printf %s\n
configure:5485: checking for ar
configure:5501: found /usr/bin/ar
configure:5512: result: ar
configure:5549: checking for archiver @FILE support
configure:5566: gcc -c -g -O2  conftest.c >&5
configure:5566: $? = 0
configure:5569: ar cru libconftest.a @conftest.lst >&5
configure:5572: $? = 0
configure:5577: ar cru libconftest.a @conftest.lst >&5
ar: conftest.o: No such file or directory
configure:5580: $? = 1
configure:5592: result: @
configure:5650: checking for strip
configure:5666: found /usr/bin/strip
configure:5677: result: strip
configure:5749: checking for ranlib
configure:5765: found /usr/bin/ranlib
configure:5776: result: ranlib
configure:5878: checking command to parse /usr/bin/nm -B output from gcc object
configure:5998: gcc -c -g -O2  conftest.c >&5
configure:6001: $? = 0
configure:6005: /usr/bin/nm -B conftest.o \| sed -n -e 's/^.*[ ]\([ABCDGIRSTW][ABCDGIRSTW]*\)[ ][ ]*\([_A-Za-z][_A-Za-z0-9]*\)$/\1 \2 \2/p' | sed '/ __gnu_lto/d' \> conftest.nm
configure:6008: $? = 0
configure:6074: gcc -o conftest -g -O2   conftest.c conftstm.o >&5
configure:6077: $? = 0
configure:6115: result: ok
configure:6152: checking for sysroot
configure:6182: result: no
configure:6259: gcc -c -g -O2  conftest.c >&5
configure:6262: $? = 0
configure:6451: checking for mt
configure:6467: found /bin/mt
configure:6478: result: mt
configure:6501: checking if mt is a manifest tool
configure:6507: mt '-?'
configure:6515: result: no
configure:7157: checking how to run the C preprocessor
configure:7188: gcc -E  conftest.c
configure:7188: $? = 0
configure:7202: gcc -E  conftest.c
conftest.c:11:28: fatal error: ac_nonexistent.h: No such file or directory
 #include <ac_nonexistent.h>
                            ^
compilation terminated.
configure:7202: $? = 1
configure: failed program was:
| /* confdefs.h */
| #define PACKAGE_NAME "Jerasure"
| #define PACKAGE_TARNAME "jerasure"
| #define PACKAGE_VERSION "2.0"
| #define PACKAGE_STRING "Jerasure 2.0"
| #define PACKAGE_BUGREPORT ""
| #define PACKAGE_URL ""
| #define PACKAGE "no-dependencies"
| #define VERSION "foreign"
| /* end confdefs.h.  */
| #include <ac_nonexistent.h>
configure:7227: result: gcc -E
configure:7247: gcc -E  conftest.c
configure:7247: $? = 0
configure:7261: gcc -E  conftest.c
conftest.c:11:28: fatal error: ac_nonexistent.h: No such file or directory
 #include <ac_nonexistent.h>
                            ^
compilation terminated.
configure:7261: $? = 1
configure: failed program was:
| /* confdefs.h */
| #define PACKAGE_NAME "Jerasure"
| #define PACKAGE_TARNAME "jerasure"
| #define PACKAGE_VERSION "2.0"
| #define PACKAGE_STRING "Jerasure 2.0"
| #define PACKAGE_BUGREPORT ""
| #define PACKAGE_URL ""
| #define PACKAGE "no-dependencies"
| #define VERSION "foreign"
| /* end confdefs.h.  */
| #include <ac_nonexistent.h>
configure:7290: checking for ANSI C header files
configure:7310: gcc -c -g -O2  conftest.c >&5
configure:7310: $? = 0
configure:7383: gcc -o conftest -g -O2   conftest.c  >&5
configure:7383: $? = 0
configure:7383: ./conftest
configure:7383: $? = 0
configure:7394: result: yes
configure:7407: checking for sys/types.h
configure:7407: gcc -c -g -O2  conftest.c >&5
configure:7407: $? = 0
configure:7407: result: yes
configure:7407: checking for sys/stat.h
configure:7407: gcc -c -g -O2  conftest.c >&5
configure:7407: $? = 0
configure:7407: result: yes
configure:7407: checking for stdlib.h
configure:7407: gcc -c -g -O2  conftest.c >&5
configure:7407: $? = 0
configure:7407: result: yes
configure:7407: checking for string.h
configure:7407: gcc -c -g -O2  conftest.c >&5
configure:7407: $? = 0
configure:7407: result: yes
configure:7407: checking for memory.h
configure:7407: gcc -c -g -O2  conftest.c >&5
configure:7407: $? = 0
configure:7407: result: yes
configure:7407: checking for strings.h
configure:7407: gcc -c -g -O2  conftest.c >&5
configure:7407: $? = 0
configure:7407: result: yes
configure:7407: checking for inttypes.h
configure:7407: gcc -c -g -O2  conftest.c >&5
configure:7407: $? = 0
configure:7407: result: yes
configure:7407: checking for stdint.h
configure:7407: gcc -c -g -O2  conftest.c >&5
configure:7407: $? = 0
configure:7407: result: yes
configure:7407: checking for unistd.h
configure:7407: gcc -c -g -O2  conftest.c >&5
configure:7407: $? = 0
configure:7407: result: yes
configure:7421: checking for dlfcn.h
configure:7421: gcc -c -g -O2  conftest.c >&5
configure:7421: $? = 0
configure:7421: result: yes
configure:7627: checking for objdir
configure:7642: result: .libs
configure:7913: checking if gcc supports -fno-rtti -fno-exceptions
configure:7931: gcc -c -g -O2  -fno-rtti -fno-exceptions conftest.c >&5
cc1: warning: command line option '-fno-rtti' is valid for C++/ObjC++ but not for C [enabled by default]
configure:7935: $? = 0
configure:7948: result: no
configure:8275: checking for gcc option to produce PIC
configure:8282: result: -fPIC -DPIC
configure:8290: checking if gcc PIC flag -fPIC -DPIC works
configure:8308: gcc -c -g -O2  -fPIC -DPIC -DPIC conftest.c >&5
configure:8312: $? = 0
configure:8325: result: yes
configure:8354: checking if gcc static flag -static works
configure:8382: result: yes
configure:8397: checking if gcc supports -c -o file.o
configure:8418: gcc -c -g -O2  -o out/conftest2.o conftest.c >&5
configure:8422: $? = 0
configure:8444: result: yes
configure:8452: checking if gcc supports -c -o file.o
configure:8499: result: yes
configure:8532: checking whether the gcc linker (/usr/bin/ld -m elf_x86_64) supports shared libraries
configure:9689: result: yes
configure:9726: checking whether -lc should be explicitly linked in
configure:9734: gcc -c -g -O2  conftest.c >&5
configure:9737: $? = 0
configure:9752: gcc -shared  -fPIC -DPIC conftest.o  -v -Wl,-soname -Wl,conftest -o conftest 2\>\&1 \| /bin/grep  -lc  \>/dev/null 2\>\&1
configure:9755: $? = 0
configure:9769: result: no
configure:9929: checking dynamic linker characteristics
configure:10429: gcc -o conftest -g -O2   -Wl,-rpath -Wl,/foo conftest.c  >&5
configure:10429: $? = 0
configure:10663: result: GNU/Linux ld.so
configure:10770: checking how to hardcode library paths into programs
configure:10795: result: immediate
configure:11335: checking whether stripping libraries is possible
configure:11340: result: yes
configure:11375: checking if libtool supports shared libraries
configure:11377: result: yes
configure:11380: checking whether to build shared libraries
configure:11401: result: yes
configure:11404: checking whether to build static libraries
configure:11408: result: yes
configure:11499: checking for gcc
configure:11526: result: gcc
configure:11755: checking for C compiler version
configure:11764: gcc --version >&5
gcc (Ubuntu 4.8.2-19ubuntu1) 4.8.2
Copyright (C) 2013 Free Software Foundation, Inc.
This is free software; see the source for copying conditions.  There is NO
warranty; not even for MERCHANTABILITY or FITNESS FOR A PARTICULAR PURPOSE.

configure:11775: $? = 0
configure:11764: gcc -v >&5
Using built-in specs.
COLLECT_GCC=gcc
COLLECT_LTO_WRAPPER=/usr/lib/gcc/x86_64-linux-gnu/4.8/lto-wrapper
Target: x86_64-linux-gnu
Configured with: ../src/configure -v --with-pkgversion='Ubuntu 4.8.2-19ubuntu1' --with-bugurl=file:///usr/share/doc/gcc-4.8/README.Bugs --enable-languages=c,c++,java,go,d,fortran,objc,obj-c++ --prefix=/usr --program-suffix=-4.8 --enable-shared --enable-linker-build-id --libexecdir=/usr/lib --without-included-gettext --enable-threads=posix --with-gxx-include-dir=/usr/include/c++/4.8 --libdir=/usr/lib --enable-nls --with-sysroot=/ --enable-clocale=gnu --enable-libstdcxx-debug --enable-libstdcxx-time=yes --enable-gnu-unique-object --disable-libmudflap --enable-plugin --with-system-zlib --disable-browser-plugin --enable-java-awt=gtk --enable-gtk-cairo --with-java-home=/usr/lib/jvm/java-1.5.0-gcj-4.8-amd64/jre --enable-java-home --with-jvm-root-dir=/usr/lib/jvm/java-1.5.0-gcj-4.8-amd64 --with-jvm-jar-dir=/usr/lib/jvm-exports/java-1.5.0-gcj-4.8-amd64 --with-arch-directory=amd64 --with-ecj-jar=/usr/share/java/eclipse-ecj.jar --enable-objc-gc --enable-multiarch --disable-werror --with-arch-32=i686 --with-abi=m64 --with-multilib-list=m32,m64,mx32 --with-tune=generic --enable-checking=release --build=x86_64-linux-gnu --host=x86_64-linux-gnu --target=x86_64-linux-gnu
Thread model: posix
gcc version 4.8.2 (Ubuntu 4.8.2-19ubuntu1) 
configure:11775: $? = 0
configure:11764: gcc -V >&5
gcc: error: unrecognized command line option '-V'
gcc: fatal error: no input files
compilation terminated.
configure:11775: $? = 4
configure:11764: gcc -qversion >&5
gcc: error: unrecognized command line option '-qversion'
gcc: fatal error: no input files
compilation terminated.
configure:11775: $? = 4
configure:11779: checking whether we are using the GNU C compiler
configure:11807: result: yes
configure:11816: checking whether gcc accepts -g
configure:11877: result: yes
configure:11894: checking for gcc option to accept ISO C89
configure:11970: result: none needed
configure:11995: checking whether gcc understands -c and -o together
configure:12032: result: yes
configure:12051: checking dependency style of gcc
configure:12162: result: gcc3
configure:12182: checking gf_complete.h usability
configure:12182: gcc -c -g -O2  conftest.c >&5
configure:12182: $? = 0
configure:12182: result: yes
configure:12182: checking gf_complete.h presence
configure:12182: gcc -E  conftest.c
configure:12182: $? = 0
configure:12182: result: yes
configure:12182: checking for gf_complete.h
configure:12182: result: yes
configure:12182: checking gf_general.h usability
configure:12182: gcc -c -g -O2  conftest.c >&5
configure:12182: $? = 0
configure:12182: result: yes
configure:12182: checking gf_general.h presence
configure:12182: gcc -E  conftest.c
configure:12182: $? = 0
configure:12182: result: yes
configure:12182: checking for gf_general.h
configure:12182: result: yes
configure:12182: checking gf_int.h usability
configure:12182: gcc -c -g -O2  conftest.c >&5
conftest.c:58:20: fatal error: gf_int.h: No such file or directory
 #include <gf_int.h>
                    ^
compilation terminated.
configure:12182: $? = 1
configure: failed program was:
| /* confdefs.h */
| #define PACKAGE_NAME "Jerasure"
| #define PACKAGE_TARNAME "jerasure"
| #define PACKAGE_VERSION "2.0"
| #define PACKAGE_STRING "Jerasure 2.0"
| #define PACKAGE_BUGREPORT ""
| #define PACKAGE_URL ""
| #define PACKAGE "no-dependencies"
| #define VERSION "foreign"
| #define STDC_HEADERS 1
| #define HAVE_SYS_TYPES_H 1
| #define HAVE_SYS_STAT_H 1
| #define HAVE_STDLIB_H 1
| #define HAVE_STRING_H 1
| #define HAVE_MEMORY_H 1
| #define HAVE_STRINGS_H 1
| #define HAVE_INTTYPES_H 1
| #define HAVE_STDINT_H 1
| #define HAVE_UNISTD_H 1
| #define HAVE_DLFCN_H 1
| #define LT_OBJDIR ".libs/"
| #define HAVE_GF_COMPLETE_H 1
| #define HAVE_GF_GENERAL_H 1
| /* end confdefs.h.  */
| #include <stdio.h>
| #ifdef HAVE_SYS_TYPES_H
| # include <sys/types.h>
| #endif
| #ifdef HAVE_SYS_STAT_H
| # include <sys/stat.h>
| #endif
| #ifdef STDC_HEADERS
| # include <stdlib.h>
| # include <stddef.h>
| #else
| # ifdef HAVE_STDLIB_H
| #  include <stdlib.h>
| # endif
| #endif
| #ifdef HAVE_STRING_H
| # if !defined STDC_HEADERS && defined HAVE_MEMORY_H
| #  include <memory.h>
| # endif
| # include <string.h>
| #endif
| #ifdef HAVE_STRINGS_H
| # include <strings.h>
| #endif
| #ifdef HAVE_INTTYPES_H
| # include <inttypes.h>
| #endif
| #ifdef HAVE_STDINT_H
| # include <stdint.h>
| #endif
| #ifdef HAVE_UNISTD_H
| # include <unistd.h>
| #endif
| #include <gf_int.h>
configure:12182: result: no
configure:12182: checking gf_int.h presence
configure:12182: gcc -E  conftest.c
conftest.c:25:20: fatal error: gf_int.h: No such file or directory
 #include <gf_int.h>
                    ^
compilation terminated.
configure:12182: $? = 1
configure: failed program was:
| /* confdefs.h */
| #define PACKAGE_NAME "Jerasure"
| #define PACKAGE_TARNAME "jerasure"
| #define PACKAGE_VERSION "2.0"
| #define PACKAGE_STRING "Jerasure 2.0"
| #define PACKAGE_BUGREPORT ""
| #define PACKAGE_URL ""
| #define PACKAGE "no-dependencies"
| #define VERSION "foreign"
| #define STDC_HEADERS 1
| #define HAVE_SYS_TYPES_H 1
| #define HAVE_SYS_STAT_H 1
| #define HAVE_STDLIB_H 1
| #define HAVE_STRING_H 1
| #define HAVE_MEMORY_H 1
| #define HAVE_STRINGS_H 1
| #define HAVE_INTTYPES_H 1
| #define HAVE_STDINT_H 1
| #define HAVE_UNISTD_H 1
| #define HAVE_DLFCN_H 1
| #define LT_OBJDIR ".libs/"
| #define HAVE_GF_COMPLETE_H 1
| #define HAVE_GF_GENERAL_H 1
| /* end confdefs.h.  */
| #include <gf_int.h>
configure:12182: result: no
configure:12182: checking for gf_int.h
configure:12182: result: no
configure:12182: checking gf_method.h usability
configure:12182: gcc -c -g -O2  conftest.c >&5
configure:12182: $? = 0
configure:12182: result: yes
configure:12182: checking gf_method.h presence
configure:12182: gcc -E  conftest.c
configure:12182: $? = 0
configure:12182: result: yes
configure:12182: checking for gf_method.h
configure:12182: result: yes
configure:12182: checking gf_rand.h usability
configure:12182: gcc -c -g -O2  conftest.c >&5
configure:12182: $? = 0
configure:12182: result: yes
configure:12182: checking gf_rand.h presence
configure:12182: gcc -E  conftest.c
configure:12182: $? = 0
configure:12182: result: yes
configure:12182: checking for gf_rand.h
configure:12182: result: yes
configure:12193: checking for gf_init_easy in -lgf_complete
configure:12218: gcc -o conftest -g -O2   conftest.c -lgf_complete   >&5
configure:12218: $? = 0
configure:12227: result: yes
configure:12252: checking for x86 cpuid  output
configure:12281: gcc -o conftest -g -O2   conftest.c -lgf_complete  >&5
conftest.c: In function 'main':
conftest.c:33:15: error: expected expression before ',' token
      int op = , eax, ebx, ecx, edx;
               ^
configure:12281: $? = 1
configure: program exited with status 1
configure: failed program was:
| /* confdefs.h */
| #define PACKAGE_NAME "Jerasure"
| #define PACKAGE_TARNAME "jerasure"
| #define PACKAGE_VERSION "2.0"
| #define PACKAGE_STRING "Jerasure 2.0"
| #define PACKAGE_BUGREPORT ""
| #define PACKAGE_URL ""
| #define PACKAGE "no-dependencies"
| #define VERSION "foreign"
| #define STDC_HEADERS 1
| #define HAVE_SYS_TYPES_H 1
| #define HAVE_SYS_STAT_H 1
| #define HAVE_STDLIB_H 1
| #define HAVE_STRING_H 1
| #define HAVE_MEMORY_H 1
| #define HAVE_STRINGS_H 1
| #define HAVE_INTTYPES_H 1
| #define HAVE_STDINT_H 1
| #define HAVE_UNISTD_H 1
| #define HAVE_DLFCN_H 1
| #define LT_OBJDIR ".libs/"
| #define HAVE_GF_COMPLETE_H 1
| #define HAVE_GF_GENERAL_H 1
| #define HAVE_GF_METHOD_H 1
| #define HAVE_GF_RAND_H 1
| #define HAVE_LIBGF_COMPLETE 1
| /* end confdefs.h.  */
| #include <stdio.h>
| int
| main ()
| {
| 
|      int op = , eax, ebx, ecx, edx;
|      FILE *f;
|       __asm__("cpuid"
|         : "=a" (eax), "=b" (ebx), "=c" (ecx), "=d" (edx)
|         : "a" (op));
|      f = fopen("conftest_cpuid", "w"); if (!f) return 1;
|      fprintf(f, "%x:%x:%x:%x\n", eax, ebx, ecx, edx);
|      fclose(f);
|      return 0;
| 
|   ;
|   return 0;
| }
configure:12291: result: unknown
configure:12307: checking for x86-AVX xgetbv  output
configure:12337: gcc -o conftest -g -O2   conftest.c -lgf_complete  >&5
conftest.c: In function 'main':
conftest.c:33:15: error: expected expression before ',' token
      int op = , eax, edx;
               ^
configure:12337: $? = 1
configure: program exited with status 1
configure: failed program was:
| /* confdefs.h */
| #define PACKAGE_NAME "Jerasure"
| #define PACKAGE_TARNAME "jerasure"
| #define PACKAGE_VERSION "2.0"
| #define PACKAGE_STRING "Jerasure 2.0"
| #define PACKAGE_BUGREPORT ""
| #define PACKAGE_URL ""
| #define PACKAGE "no-dependencies"
| #define VERSION "foreign"
| #define STDC_HEADERS 1
| #define HAVE_SYS_TYPES_H 1
| #define HAVE_SYS_STAT_H 1
| #define HAVE_STDLIB_H 1
| #define HAVE_STRING_H 1
| #define HAVE_MEMORY_H 1
| #define HAVE_STRINGS_H 1
| #define HAVE_INTTYPES_H 1
| #define HAVE_STDINT_H 1
| #define HAVE_UNISTD_H 1
| #define HAVE_DLFCN_H 1
| #define LT_OBJDIR ".libs/"
| #define HAVE_GF_COMPLETE_H 1
| #define HAVE_GF_GENERAL_H 1
| #define HAVE_GF_METHOD_H 1
| #define HAVE_GF_RAND_H 1
| #define HAVE_LIBGF_COMPLETE 1
| /* end confdefs.h.  */
| #include <stdio.h>
| int
| main ()
| {
| 
|      int op = , eax, edx;
|      FILE *f;
|       /* Opcodes for xgetbv */
|       __asm__(".byte 0x0f, 0x01, 0xd0"
|         : "=a" (eax), "=d" (edx)
|         : "c" (op));
|      f = fopen("conftest_xgetbv", "w"); if (!f) return 1;
|      fprintf(f, "%x:%x\n", eax, edx);
|      fclose(f);
|      return 0;
| 
|   ;
|   return 0;
| }
configure:12347: result: unknown
configure:12432: checking for x86 cpuid 0x00000001 output
configure:12461: gcc -o conftest -g -O2   conftest.c -lgf_complete  >&5
configure:12461: $? = 0
configure:12461: ./conftest
configure:12461: $? = 0
configure:12471: result: 206a7:3100800:1dbae3bf:bfebfbff
configure:12483: checking whether mmx is supported
configure:12495: result: yes
configure:12498: checking whether sse is supported
configure:12510: result: yes
configure:12513: checking whether sse2 is supported
configure:12525: result: yes
configure:12528: checking whether sse3 is supported
configure:12540: result: yes
configure:12543: checking whether ssse3 is supported
configure:12555: result: yes
configure:12558: checking whether sse4.1 is supported
configure:12570: result: yes
configure:12573: checking whether sse4.2 is supported
configure:12585: result: yes
configure:12588: checking whether avx is supported by processor
configure:12600: result: yes
configure:12611: checking for x86-AVX xgetbv 0x00000000 output
configure:12641: gcc -o conftest -g -O2   conftest.c -lgf_complete  >&5
configure:12641: $? = 0
configure:12641: ./conftest
configure:12641: $? = 0
configure:12651: result: 7:0
configure:12666: checking whether avx is supported by operating system
configure:12681: result: yes
configure:12690: checking whether C compiler accepts -mmmx
configure:12709: gcc -c -g -O2  -mmmx  conftest.c >&5
configure:12709: $? = 0
configure:12717: result: yes
configure:12741: checking whether C compiler accepts -msse
configure:12760: gcc -c -g -O2  -msse  conftest.c >&5
configure:12760: $? = 0
configure:12768: result: yes
configure:12788: checking whether C compiler accepts -msse2
configure:12807: gcc -c -g -O2  -msse2  conftest.c >&5
configure:12807: $? = 0
configure:12815: result: yes
configure:12835: checking whether C compiler accepts -msse3
configure:12854: gcc -c -g -O2  -msse3  conftest.c >&5
configure:12854: $? = 0
configure:12862: result: yes
configure:12882: checking whether C compiler accepts -mssse3
configure:12901: gcc -c -g -O2  -mssse3  conftest.c >&5
configure:12901: $? = 0
configure:12909: result: yes
configure:12929: checking whether C compiler accepts -msse4.1
configure:12948: gcc -c -g -O2  -msse4.1  conftest.c >&5
configure:12948: $? = 0
configure:12956: result: yes
configure:12976: checking whether C compiler accepts -msse4.2
configure:12995: gcc -c -g -O2  -msse4.2  conftest.c >&5
configure:12995: $? = 0
configure:13003: result: yes
configure:13023: checking whether C compiler accepts -mavx
configure:13042: gcc -c -g -O2  -mavx  conftest.c >&5
configure:13042: $? = 0
configure:13050: result: yes
configure:13186: checking that generated files are newer than configure
configure:13192: result: done
configure:13219: creating ./config.status

## ---------------------- ##
## Running config.status. ##
## ---------------------- ##

This file was extended by Jerasure config.status 2.0, which was
generated by GNU Autoconf 2.69.  Invocation command line was

  CONFIG_FILES    = 
  CONFIG_HEADERS  = 
  CONFIG_LINKS    = 
  CONFIG_COMMANDS = 
  $ ./config.status 

on wj-Latitude-E5420

config.status:1096: creating Makefile
config.status:1096: creating Examples/Makefile
config.status:1096: creating src/Makefile
config.status:1096: creating include/config.h
config.status:1325: executing depfiles commands
config.status:1325: executing libtool commands

## ---------------- ##
## Cache variables. ##
## ---------------- ##

ac_cv_build=x86_64-unknown-linux-gnu
ac_cv_c_compiler_gnu=yes
ac_cv_env_CC_set=
ac_cv_env_CC_value=
ac_cv_env_CFLAGS_set=
ac_cv_env_CFLAGS_value=
ac_cv_env_CPPFLAGS_set=
ac_cv_env_CPPFLAGS_value=
ac_cv_env_CPP_set=
ac_cv_env_CPP_value=
ac_cv_env_LDFLAGS_set=
ac_cv_env_LDFLAGS_value=
ac_cv_env_LIBS_set=
ac_cv_env_LIBS_value=
ac_cv_env_build_alias_set=
ac_cv_env_build_alias_value=
ac_cv_env_host_alias_set=
ac_cv_env_host_alias_value=
ac_cv_env_target_alias_set=
ac_cv_env_target_alias_value=
ac_cv_header_dlfcn_h=yes
ac_cv_header_gf_complete_h=yes
ac_cv_header_gf_general_h=yes
ac_cv_header_gf_int_h=no
ac_cv_header_gf_method_h=yes
ac_cv_header_gf_rand_h=yes
ac_cv_header_inttypes_h=yes
ac_cv_header_memory_h=yes
ac_cv_header_stdc=yes
ac_cv_header_stdint_h=yes
ac_cv_header_stdlib_h=yes
ac_cv_header_string_h=yes
ac_cv_header_strings_h=yes
ac_cv_header_sys_stat_h=yes
ac_cv_header_sys_types_h=yes
ac_cv_header_unistd_h=yes
ac_cv_host=x86_64-unknown-linux-gnu
ac_cv_lib_gf_complete_gf_init_easy=yes
ac_cv_objext=o
ac_cv_path_EGREP='/bin/grep -E'
ac_cv_path_FGREP='/bin/grep -F'
ac_cv_path_GREP=/bin/grep
ac_cv_path_SED=/bin/sed
ac_cv_path_install='/usr/bin/install -c'
ac_cv_path_mkdir=/bin/mkdir
ac_cv_prog_AWK=gawk
ac_cv_prog_CPP='gcc -E'
ac_cv_prog_ac_ct_AR=ar
ac_cv_prog_ac_ct_CC=gcc
ac_cv_prog_ac_ct_MANIFEST_TOOL=mt
ac_cv_prog_ac_ct_OBJDUMP=objdump
ac_cv_prog_ac_ct_RANLIB=ranlib
ac_cv_prog_ac_ct_STRIP=strip
ac_cv_prog_cc_c89=
ac_cv_prog_cc_g=yes
ac_cv_prog_make_make_set=yes
am_cv_CC_dependencies_compiler_type=gcc3
am_cv_make_support_nested_variables=yes
am_cv_prog_cc_c_o=yes
ax_cv_check_cflags___mavx=yes
ax_cv_check_cflags___mmmx=yes
ax_cv_check_cflags___msse2=yes
ax_cv_check_cflags___msse3=yes
ax_cv_check_cflags___msse4_1=yes
ax_cv_check_cflags___msse4_2=yes
ax_cv_check_cflags___msse=yes
ax_cv_check_cflags___mssse3=yes
ax_cv_gcc_x86_avx_xgetbv_0x00000000=7:0
ax_cv_gcc_x86_avx_xgetbv_=unknown
ax_cv_gcc_x86_cpuid_0x00000001=206a7:3100800:1dbae3bf:bfebfbff
ax_cv_gcc_x86_cpuid_=unknown
ax_cv_have_avx_cpu_ext=yes
ax_cv_have_avx_ext=yes
ax_cv_have_mmx_ext=yes
ax_cv_have_sse2_ext=yes
ax_cv_have_sse3_ext=yes
ax_cv_have_sse41_ext=yes
ax_cv_have_sse42_ext=yes
ax_cv_have_sse_ext=yes
ax_cv_have_ssse3_ext=yes
ax_cv_support_avx_ext=yes
ax_cv_support_mmx_ext=yes
ax_cv_support_sse2_ext=yes
ax_cv_support_sse3_ext=yes
ax_cv_support_sse41_ext=yes
ax_cv_support_sse42_ext=yes
ax_cv_support_sse_ext=yes
ax_cv_support_ssse3_ext=yes
lt_cv_ar_at_file=@
lt_cv_archive_cmds_need_lc=no
lt_cv_deplibs_check_method=pass_all
lt_cv_file_magic_cmd='$MAGIC_CMD'
lt_cv_file_magic_test_file=
lt_cv_ld_reload_flag=-r
lt_cv_nm_interface='BSD nm'
lt_cv_objdir=.libs
lt_cv_path_LD=/usr/bin/ld
lt_cv_path_NM='/usr/bin/nm -B'
lt_cv_path_mainfest_tool=no
lt_cv_prog_compiler_c_o=yes
lt_cv_prog_compiler_pic='-fPIC -DPIC'
lt_cv_prog_compiler_pic_works=yes
lt_cv_prog_compiler_rtti_exceptions=no
lt_cv_prog_compiler_static_works=yes
lt_cv_prog_gnu_ld=yes
lt_cv_sharedlib_from_linklib_cmd='printf %s\n'
lt_cv_shlibpath_overrides_runpath=no
lt_cv_sys_global_symbol_pipe='sed -n -e '\''s/^.*[	 ]\([ABCDGIRSTW][ABCDGIRSTW]*\)[	 ][	 ]*\([_A-Za-z][_A-Za-z0-9]*\)$/\1 \2 \2/p'\'' | sed '\''/ __gnu_lto/d'\'''
lt_cv_sys_global_symbol_to_c_name_address='sed -n -e '\''s/^: \([^ ]*\)[ ]*$/  {\"\1\", (void *) 0},/p'\'' -e '\''s/^[ABCDGIRSTW]* \([^ ]*\) \([^ ]*\)$/  {"\2", (void *) \&\2},/p'\'''
lt_cv_sys_global_symbol_to_c_name_address_lib_prefix='sed -n -e '\''s/^: \([^ ]*\)[ ]*$/  {\"\1\", (void *) 0},/p'\'' -e '\''s/^[ABCDGIRSTW]* \([^ ]*\) \(lib[^ ]*\)$/  {"\2", (void *) \&\2},/p'\'' -e '\''s/^[ABCDGIRSTW]* \([^ ]*\) \([^ ]*\)$/  {"lib\2", (void *) \&\2},/p'\'''
lt_cv_sys_global_symbol_to_cdecl='sed -n -e '\''s/^T .* \(.*\)$/extern int \1();/p'\'' -e '\''s/^[ABCDGIRSTW]* .* \(.*\)$/extern char \1;/p'\'''
lt_cv_sys_max_cmd_len=1572864
lt_cv_to_host_file_cmd=func_convert_file_noop
lt_cv_to_tool_file_cmd=func_convert_file_noop

## ----------------- ##
## Output variables. ##
## ----------------- ##

ACLOCAL='${SHELL} /project/c/erasure_code/Reed-solomon/Jerasure/missing aclocal-1.14'
AMDEPBACKSLASH='\'
AMDEP_FALSE='#'
AMDEP_TRUE=''
AMTAR='$${TAR-tar}'
AM_BACKSLASH='\'
AM_DEFAULT_V='$(AM_DEFAULT_VERBOSITY)'
AM_DEFAULT_VERBOSITY='1'
AM_V='$(V)'
AR='ar'
AUTOCONF='${SHELL} /project/c/erasure_code/Reed-solomon/Jerasure/missing autoconf'
AUTOHEADER='${SHELL} /project/c/erasure_code/Reed-solomon/Jerasure/missing autoheader'
AUTOMAKE='${SHELL} /project/c/erasure_code/Reed-solomon/Jerasure/missing automake-1.14'
AWK='gawk'
CC='gcc'
CCDEPMODE='depmode=gcc3'
CFLAGS='-g -O2'
CPP='gcc -E'
CPPFLAGS=''
CYGPATH_W='echo'
DEFS='-DHAVE_CONFIG_H'
DEPDIR='.deps'
DLLTOOL='false'
DSYMUTIL=''
DUMPBIN=''
ECHO_C=''
ECHO_N='-n'
ECHO_T=''
EGREP='/bin/grep -E'
EXEEXT=''
FGREP='/bin/grep -F'
GREP='/bin/grep'
INSTALL_DATA='${INSTALL} -m 644'
INSTALL_PROGRAM='${INSTALL}'
INSTALL_SCRIPT='${INSTALL}'
INSTALL_STRIP_PROGRAM='$(install_sh) -c -s'
LD='/usr/bin/ld -m elf_x86_64'
LDFLAGS=''
LIBOBJS=''
LIBS='-lgf_complete '
LIBTOOL='$(SHELL) $(top_builddir)/libtool'
LIPO=''
LN_S='ln -s'
LTLIBOBJS=''
MAKEINFO='${SHELL} /project/c/erasure_code/Reed-solomon/Jerasure/missing makeinfo'
MANIFEST_TOOL=':'
MKDIR_P='/bin/mkdir -p'
NM='/usr/bin/nm -B'
NMEDIT=''
OBJDUMP='objdump'
OBJEXT='o'
OTOOL64=''
OTOOL=''
PACKAGE='no-dependencies'
PACKAGE_BUGREPORT=''
PACKAGE_NAME='Jerasure'
PACKAGE_STRING='Jerasure 2.0'
PACKAGE_TARNAME='jerasure'
PACKAGE_URL=''
PACKAGE_VERSION='2.0'
PATH_SEPARATOR=':'
RANLIB='ranlib'
SED='/bin/sed'
SET_MAKE=''
SHELL='/bin/bash'
SIMD_FLAGS=' -mmmx -msse -DINTEL_SSE -msse2 -DINTEL_SSE2 -msse3 -DINTEL_SSE3 -mssse3 -msse4.1 -DINTEL_SSE4 -msse4.2 -DINTEL_SSE4 -mavx'
STRIP='strip'
VERSION='foreign'
ac_ct_AR='ar'
ac_ct_CC='gcc'
ac_ct_DUMPBIN=''
am__EXEEXT_FALSE=''
am__EXEEXT_TRUE='#'
am__fastdepCC_FALSE='#'
am__fastdepCC_TRUE=''
am__include='include'
am__isrc=''
am__leading_dot='.'
am__nodep='_no'
am__quote=''
am__tar='$${TAR-tar} chof - "$$tardir"'
am__untar='$${TAR-tar} xf -'
bindir='${exec_prefix}/bin'
build='x86_64-unknown-linux-gnu'
build_alias=''
build_cpu='x86_64'
build_os='linux-gnu'
build_vendor='unknown'
datadir='${datarootdir}'
datarootdir='${prefix}/share'
docdir='${datarootdir}/doc/${PACKAGE_TARNAME}'
dvidir='${docdir}'
exec_prefix='${prefix}'
host='x86_64-unknown-linux-gnu'
host_alias=''
host_cpu='x86_64'
host_os='linux-gnu'
host_vendor='unknown'
htmldir='${docdir}'
includedir='${prefix}/include'
infodir='${datarootdir}/info'
install_sh='${SHELL} /project/c/erasure_code/Reed-solomon/Jerasure/install-sh'
libdir='${exec_prefix}/lib'
libexecdir='${exec_prefix}/libexec'
localedir='${datarootdir}/locale'
localstatedir='${prefix}/var'
mandir='${datarootdir}/man'
mkdir_p='$(MKDIR_P)'
oldincludedir='/usr/include'
pdfdir='${docdir}'
prefix='/usr/local'
program_transform_name='s,x,x,'
psdir='${docdir}'
sbindir='${exec_prefix}/sbin'
sharedstatedir='${prefix}/com'
sysconfdir='${prefix}/etc'
target_alias=''

## ----------- ##
## confdefs.h. ##
## ----------- ##

/* confdefs.h */
#define PACKAGE_NAME "Jerasure"
#define PACKAGE_TARNAME "jerasure"
#define PACKAGE_VERSION "2.0"
#define PACKAGE_STRING "Jerasure 2.0"
#define PACKAGE_BUGREPORT ""
#define PACKAGE_URL ""
#define PACKAGE "no-dependencies"
#define VERSION "foreign"
#define STDC_HEADERS 1
#define HAVE_SYS_TYPES_H 1
#define HAVE_SYS_STAT_H 1
#define HAVE_STDLIB_H 1
#define HAVE_STRING_H 1
#define HAVE_MEMORY_H 1
#define HAVE_STRINGS_H 1
#define HAVE_INTTYPES_H 1
#define HAVE_STDINT_H 1
#define HAVE_UNISTD_H 1
#define HAVE_DLFCN_H 1
#define LT_OBJDIR ".libs/"
#define HAVE_GF_COMPLETE_H 1
#define HAVE_GF_GENERAL_H 1
#define HAVE_GF_METHOD_H 1
#define HAVE_GF_RAND_H 1
#define HAVE_LIBGF_COMPLETE 1
#define HAVE_MMX /**/
#define HAVE_SSE /**/
#define HAVE_SSE2 /**/
#define HAVE_SSE3 /**/
#define HAVE_SSSE3 /**/
#define HAVE_SSE4_1 /**/
#define HAVE_SSE4_2 /**/
#define HAVE_AVX /**/

configure: exit 0
